<?xml version="1.0" encoding="UTF-8"?>
<!-- Generated by org.testng.reporters.JUnitReportReporter -->
<testsuite hostname="uchitas-Air.attlocal.net" failures="0" tests="1" name="UchitachoksiTesting.theScoreProject.BaseTest" time="23.519" errors="0" timestamp="2024-03-21T10:41:10 PDT" skipped="0">
  <testcase classname="UchitachoksiTesting.theScoreProject.BaseTest" name="configurationtest" time="23.519"/>
</testsuite> <!-- UchitachoksiTesting.theScoreProject.BaseTest -->
