<?xml version="1.0" encoding="UTF-8"?>
<!-- Generated by org.testng.reporters.JUnitReportReporter -->
<testsuite hostname="uchitas-Air.attlocal.net" failures="0" tests="4" name="UchitachoksiTesting.theScoreProject.theScoreApp" time="97.594" errors="0" timestamp="2024-03-23T16:48:05 PDT" skipped="0">
  <testcase classname="UchitachoksiTesting.theScoreProject.theScoreApp" name="searchplayername" time="41.818"/>
  <testcase classname="UchitachoksiTesting.theScoreProject.theScoreApp" name="TeamSelection" time="14.141"/>
  <testcase classname="UchitachoksiTesting.theScoreProject.theScoreApp" name="AppSetUp" time="15.266"/>
  <testcase classname="UchitachoksiTesting.theScoreProject.theScoreApp" name="LeagueSelection" time="26.369"/>
</testsuite> <!-- UchitachoksiTesting.theScoreProject.theScoreApp -->
